2020-06-07 16:11:37.895+0000 WARN [o.n.i.p.PageCache] The dbms.memory.pagecache.size setting has not been configured. It is recommended that this setting is always explicitly configured, to ensure the system has a balanced configuration. Until then, a computed heuristic value of 13286678528 bytes will be used instead. 
2020-06-07 16:11:38.731+0000 INFO [o.n.k.i.f.CommunityEditionModule] No locking implementation specified, defaulting to 'community'
2020-06-07 16:11:38.840+0000 INFO [o.n.k.AvailabilityGuard] Requirement makes database unavailable: Database available
2020-06-07 16:11:38.856+0000 INFO [o.n.k.i.DiagnosticsManager] --- INITIALIZED diagnostics START ---
2020-06-07 16:11:38.856+0000 INFO [o.n.k.i.DiagnosticsManager] Neo4j Kernel properties:
2020-06-07 16:11:38.856+0000 INFO [o.n.k.i.DiagnosticsManager] dbms.connector.http.enabled=true
2020-06-07 16:11:38.856+0000 INFO [o.n.k.i.DiagnosticsManager] dbms.security.auth_enabled=true
2020-06-07 16:11:38.856+0000 INFO [o.n.k.i.DiagnosticsManager] dbms.connector.bolt.type=BOLT
2020-06-07 16:11:38.856+0000 INFO [o.n.k.i.DiagnosticsManager] unsupported.dbms.directories.neo4j_home=D:\Google Drive\16. Master BigData\5 - Modulos\Modulo 10 - TFM\2. TFM\Codigos\Neo4j
2020-06-07 16:11:38.856+0000 INFO [o.n.k.i.DiagnosticsManager] dbms.directories.import=import
2020-06-07 16:11:38.856+0000 INFO [o.n.k.i.DiagnosticsManager] dbms.connector.https.enabled=true
2020-06-07 16:11:38.856+0000 INFO [o.n.k.i.DiagnosticsManager] dbms.connector.http.type=HTTP
2020-06-07 16:11:38.856+0000 INFO [o.n.k.i.DiagnosticsManager] unsupported.dbms.directories.database=D:\Google Drive\16. Master BigData\5 - Modulos\Modulo 10 - TFM\2. TFM\Codigos\Neo4j
2020-06-07 16:11:38.856+0000 INFO [o.n.k.i.DiagnosticsManager] dbms.logs.http.enabled=false
2020-06-07 16:11:38.857+0000 INFO [o.n.k.i.DiagnosticsManager] dbms.connector.https.type=HTTP
2020-06-07 16:11:38.857+0000 INFO [o.n.k.i.DiagnosticsManager] unsupported.dbms.edition=community
2020-06-07 16:11:38.857+0000 INFO [o.n.k.i.DiagnosticsManager] dbms.connector.bolt.enabled=true
2020-06-07 16:11:38.857+0000 INFO [o.n.k.i.DiagnosticsManager] Diagnostics providers:
2020-06-07 16:11:38.857+0000 INFO [o.n.k.i.DiagnosticsManager] org.neo4j.kernel.configuration.Config
2020-06-07 16:11:38.857+0000 INFO [o.n.k.i.DiagnosticsManager] org.neo4j.kernel.info.DiagnosticsManager
2020-06-07 16:11:38.857+0000 INFO [o.n.k.i.DiagnosticsManager] SYSTEM_MEMORY
2020-06-07 16:11:38.857+0000 INFO [o.n.k.i.DiagnosticsManager] JAVA_MEMORY
2020-06-07 16:11:38.857+0000 INFO [o.n.k.i.DiagnosticsManager] OPERATING_SYSTEM
2020-06-07 16:11:38.857+0000 INFO [o.n.k.i.DiagnosticsManager] JAVA_VIRTUAL_MACHINE
2020-06-07 16:11:38.857+0000 INFO [o.n.k.i.DiagnosticsManager] CLASSPATH
2020-06-07 16:11:38.857+0000 INFO [o.n.k.i.DiagnosticsManager] LIBRARY_PATH
2020-06-07 16:11:38.857+0000 INFO [o.n.k.i.DiagnosticsManager] SYSTEM_PROPERTIES
2020-06-07 16:11:38.857+0000 INFO [o.n.k.i.DiagnosticsManager] NETWORK
2020-06-07 16:11:38.857+0000 INFO [o.n.k.i.DiagnosticsManager] System memory information:
2020-06-07 16:11:38.859+0000 INFO [o.n.k.i.DiagnosticsManager] Total Physical memory: 31,82 GB
2020-06-07 16:11:38.859+0000 INFO [o.n.k.i.DiagnosticsManager] Free Physical memory: 19,69 GB
2020-06-07 16:11:38.859+0000 INFO [o.n.k.i.DiagnosticsManager] Committed virtual memory: 976,95 MB
2020-06-07 16:11:38.859+0000 INFO [o.n.k.i.DiagnosticsManager] Total swap space: 36,57 GB
2020-06-07 16:11:38.859+0000 INFO [o.n.k.i.DiagnosticsManager] Free swap space: 16,97 GB
2020-06-07 16:11:38.859+0000 INFO [o.n.k.i.DiagnosticsManager] JVM memory information:
2020-06-07 16:11:38.859+0000 INFO [o.n.k.i.DiagnosticsManager] Free  memory: 332,01 MB
2020-06-07 16:11:38.859+0000 INFO [o.n.k.i.DiagnosticsManager] Total memory: 454,00 MB
2020-06-07 16:11:38.859+0000 INFO [o.n.k.i.DiagnosticsManager] Max   memory: 7,07 GB
2020-06-07 16:11:38.863+0000 INFO [o.n.k.i.DiagnosticsManager] Garbage Collector: PS Scavenge: [PS Eden Space, PS Survivor Space]
2020-06-07 16:11:38.863+0000 INFO [o.n.k.i.DiagnosticsManager] Garbage Collector: PS MarkSweep: [PS Eden Space, PS Survivor Space, PS Old Gen]
2020-06-07 16:11:38.863+0000 INFO [o.n.k.i.DiagnosticsManager] Memory Pool: Code Cache (Non-heap memory): committed=9,50 MB, used=9,43 MB, max=240,00 MB, threshold=0,00 B
2020-06-07 16:11:38.863+0000 INFO [o.n.k.i.DiagnosticsManager] Memory Pool: Metaspace (Non-heap memory): committed=24,25 MB, used=23,14 MB, max=-1,00 B, threshold=0,00 B
2020-06-07 16:11:38.863+0000 INFO [o.n.k.i.DiagnosticsManager] Memory Pool: Compressed Class Space (Non-heap memory): committed=3,50 MB, used=3,19 MB, max=1,00 GB, threshold=0,00 B
2020-06-07 16:11:38.863+0000 INFO [o.n.k.i.DiagnosticsManager] Memory Pool: PS Eden Space (Heap memory): committed=128,00 MB, used=21,16 MB, max=2,61 GB, threshold=?
2020-06-07 16:11:38.863+0000 INFO [o.n.k.i.DiagnosticsManager] Memory Pool: PS Survivor Space (Heap memory): committed=21,00 MB, used=0,00 B, max=21,00 MB, threshold=?
2020-06-07 16:11:38.863+0000 INFO [o.n.k.i.DiagnosticsManager] Memory Pool: PS Old Gen (Heap memory): committed=305,00 MB, used=100,83 MB, max=5,30 GB, threshold=0,00 B
2020-06-07 16:11:38.864+0000 INFO [o.n.k.i.DiagnosticsManager] Operating system information:
2020-06-07 16:11:38.864+0000 INFO [o.n.k.i.DiagnosticsManager] Operating System: Windows 10; version: 10.0; arch: amd64; cpus: 12
2020-06-07 16:11:38.869+0000 INFO [o.n.k.i.DiagnosticsManager] Process id: 408@DESKTOP-T8DQ23J
2020-06-07 16:11:38.870+0000 INFO [o.n.k.i.DiagnosticsManager] Byte order: LITTLE_ENDIAN
2020-06-07 16:11:38.870+0000 INFO [o.n.k.i.DiagnosticsManager] Local timezone: Europe/Paris
2020-06-07 16:11:38.870+0000 INFO [o.n.k.i.DiagnosticsManager] JVM information:
2020-06-07 16:11:38.870+0000 INFO [o.n.k.i.DiagnosticsManager] VM Name: Java HotSpot(TM) 64-Bit Server VM
2020-06-07 16:11:38.870+0000 INFO [o.n.k.i.DiagnosticsManager] VM Vendor: Oracle Corporation
2020-06-07 16:11:38.870+0000 INFO [o.n.k.i.DiagnosticsManager] VM Version: 25.251-b08
2020-06-07 16:11:38.870+0000 INFO [o.n.k.i.DiagnosticsManager] JIT compiler: HotSpot 64-Bit Tiered Compilers
2020-06-07 16:11:38.870+0000 INFO [o.n.k.i.DiagnosticsManager] VM Arguments: [-Dexe4j.semaphoreName=Local\c:_program_files_neo4j_ce_3.2.5_bin_neo4j-ce.exe, -Dexe4j.isInstall4j=true, -Dexe4j.moduleName=C:\Program Files\Neo4j CE 3.2.5\bin\neo4j-ce.exe, -Dexe4j.tempDir=, -Dexe4j.unextractedPosition=0, -Djava.library.path=C:\Program Files (x86)\Common Files\Oracle\Java\javapath;C:\Program Files (x86)\Intel\Intel(R) Management Engine Components\iCLS\;C:\Program Files\Intel\Intel(R) Management Engine Components\iCLS\;C:\Windows\system32;C:\Windows;C:\Windows\System32\Wbem;C:\Windows\System32\WindowsPowerShell\v1.0\;C:\Windows\System32\OpenSSH\;C:\Program Files (x86)\Intel\Intel(R) Management Engine Components\DAL;C:\Program Files\Intel\Intel(R) Management Engine Components\DAL;C:\Program Files (x86)\NVIDIA Corporation\PhysX\Common;C:\Program Files\Microsoft VS Code\bin;C:\Program Files\Git\cmd;C:\TDM-GCC-64\bin;C:\WINDOWS\system32;C:\WINDOWS;C:\WINDOWS\System32\Wbem;C:\WINDOWS\System32\WindowsPowerShell\v1.0\;C:\WINDOWS\System32\OpenSSH\;C:\Users\David\Anaconda3\python.exe;C:\Program Files\PuTTY\;C:\Program Files (x86)\Gow\bin;C:\opt\spark\spark-2.4.4-bin-hadoop2.7\bin;C:\Program Files\MongoDB\Server\4.2\bin;C:\Users\David\AppData\Roaming\Microsoft\Windows\Start Menu\Programs\Python 3.7;C:\Program Files\Intel\WiFi\bin\;C:\Program Files\Common Files\Intel\WirelessCommon\;C:\Users\David\Anaconda3;D:\spark\spark-3.0.0-preview2-bin-hadoop2.7\bin;C:\Path_Drive;C:\Users\David\Anaconda3\Scripts;C:\Program Files\nodejs\;C:\Users\David\AppData\Local\Microsoft\WindowsApps;C:\Users\David\AppData\Local\atom\bin;C:\Users\David\AppData\Local\Microsoft\WindowsApps;C:\Users\David\Documents\ffmpeg\bin;C:\Users\David\AppData\Local\Pandoc\;C:\Users\David\AppData\Roaming\npm;c:\program files\java\jre1.8.0_251\bin, -Dexe4j.consoleCodepage=cp0, -Dinstall4j.launcherId=24, -Dinstall4j.swt=false]
2020-06-07 16:11:38.870+0000 INFO [o.n.k.i.DiagnosticsManager] Java classpath:
2020-06-07 16:11:38.875+0000 INFO [o.n.k.i.DiagnosticsManager]  [bootstrap] C:\Program Files\Java\jre1.8.0_251\lib\resources.jar
2020-06-07 16:11:38.875+0000 INFO [o.n.k.i.DiagnosticsManager]  [loader.1] file:/C:/Program%20Files/Java/jre1.8.0_251/lib/ext/sunjce_provider.jar
2020-06-07 16:11:38.875+0000 INFO [o.n.k.i.DiagnosticsManager]  [bootstrap] C:\Program Files\Java\jre1.8.0_251\lib\jsse.jar
2020-06-07 16:11:38.875+0000 INFO [o.n.k.i.DiagnosticsManager]  [bootstrap] C:\Program Files\Java\jre1.8.0_251\lib\jfr.jar
2020-06-07 16:11:38.875+0000 INFO [o.n.k.i.DiagnosticsManager]  [loader.1] file:/C:/Program%20Files/Java/jre1.8.0_251/lib/ext/access-bridge-64.jar
2020-06-07 16:11:38.875+0000 INFO [o.n.k.i.DiagnosticsManager]  [loader.0] file:/C:/Program%20Files/Neo4j%20CE%203.2.5/.install4j/i4jruntime.jar
2020-06-07 16:11:38.875+0000 INFO [o.n.k.i.DiagnosticsManager]  [classpath] C:\Program Files\Neo4j CE 3.2.5\.install4j\i4jruntime.jar
2020-06-07 16:11:38.875+0000 INFO [o.n.k.i.DiagnosticsManager]  [bootstrap] C:\Program Files\Java\jre1.8.0_251\lib\jce.jar
2020-06-07 16:11:38.876+0000 INFO [o.n.k.i.DiagnosticsManager]  [bootstrap] C:\Program Files\Java\jre1.8.0_251\classes
2020-06-07 16:11:38.876+0000 INFO [o.n.k.i.DiagnosticsManager]  [classpath] C:\Program Files\Neo4j CE 3.2.5\bin\neo4j-desktop-3.2.5.jar
2020-06-07 16:11:38.876+0000 INFO [o.n.k.i.DiagnosticsManager]  [loader.1] file:/C:/Program%20Files/Java/jre1.8.0_251/lib/ext/localedata.jar
2020-06-07 16:11:38.876+0000 INFO [o.n.k.i.DiagnosticsManager]  [loader.0] file:/C:/Program%20Files/Neo4j%20CE%203.2.5/bin/neo4j-desktop-3.2.5.jar
2020-06-07 16:11:38.876+0000 INFO [o.n.k.i.DiagnosticsManager]  [loader.1] file:/C:/Program%20Files/Java/jre1.8.0_251/lib/ext/sunpkcs11.jar
2020-06-07 16:11:38.876+0000 INFO [o.n.k.i.DiagnosticsManager]  [bootstrap] C:\Program Files\Java\jre1.8.0_251\lib\rt.jar
2020-06-07 16:11:38.876+0000 INFO [o.n.k.i.DiagnosticsManager]  [loader.1] file:/C:/Program%20Files/Java/jre1.8.0_251/lib/ext/sunmscapi.jar
2020-06-07 16:11:38.876+0000 INFO [o.n.k.i.DiagnosticsManager]  [loader.1] file:/C:/Program%20Files/Java/jre1.8.0_251/lib/ext/nashorn.jar
2020-06-07 16:11:38.876+0000 INFO [o.n.k.i.DiagnosticsManager]  [loader.1] file:/C:/Program%20Files/Java/jre1.8.0_251/lib/ext/jfxrt.jar
2020-06-07 16:11:38.876+0000 INFO [o.n.k.i.DiagnosticsManager]  [loader.1] file:/C:/Program%20Files/Java/jre1.8.0_251/lib/ext/sunec.jar
2020-06-07 16:11:38.876+0000 INFO [o.n.k.i.DiagnosticsManager]  [loader.1] file:/C:/Program%20Files/Java/jre1.8.0_251/lib/ext/zipfs.jar
2020-06-07 16:11:38.876+0000 INFO [o.n.k.i.DiagnosticsManager]  [loader.1] file:/C:/Program%20Files/Java/jre1.8.0_251/lib/ext/dnsns.jar
2020-06-07 16:11:38.876+0000 INFO [o.n.k.i.DiagnosticsManager]  [bootstrap] C:\Program Files\Java\jre1.8.0_251\lib\charsets.jar
2020-06-07 16:11:38.876+0000 INFO [o.n.k.i.DiagnosticsManager]  [loader.1] file:/C:/Program%20Files/Java/jre1.8.0_251/lib/ext/cldrdata.jar
2020-06-07 16:11:38.876+0000 INFO [o.n.k.i.DiagnosticsManager]  [bootstrap] C:\Program Files\Java\jre1.8.0_251\lib\sunrsasign.jar
2020-06-07 16:11:38.876+0000 INFO [o.n.k.i.DiagnosticsManager]  [loader.1] file:/C:/Program%20Files/Java/jre1.8.0_251/lib/ext/jaccess.jar
2020-06-07 16:11:38.876+0000 INFO [o.n.k.i.DiagnosticsManager] Library path:
2020-06-07 16:11:38.876+0000 INFO [o.n.k.i.DiagnosticsManager] C:\Program Files (x86)\Common Files\Oracle\Java\javapath
2020-06-07 16:11:38.877+0000 INFO [o.n.k.i.DiagnosticsManager] C:\Program Files (x86)\Intel\Intel(R) Management Engine Components\iCLS
2020-06-07 16:11:38.877+0000 INFO [o.n.k.i.DiagnosticsManager] C:\Program Files\Intel\Intel(R) Management Engine Components\iCLS
2020-06-07 16:11:38.878+0000 INFO [o.n.k.i.DiagnosticsManager] C:\Windows\System32
2020-06-07 16:11:38.878+0000 INFO [o.n.k.i.DiagnosticsManager] C:\Windows
2020-06-07 16:11:38.878+0000 INFO [o.n.k.i.DiagnosticsManager] C:\Windows\System32\wbem
2020-06-07 16:11:38.879+0000 INFO [o.n.k.i.DiagnosticsManager] C:\Windows\System32\WindowsPowerShell\v1.0
2020-06-07 16:11:38.879+0000 INFO [o.n.k.i.DiagnosticsManager] C:\Windows\System32\OpenSSH
2020-06-07 16:11:38.879+0000 INFO [o.n.k.i.DiagnosticsManager] C:\Program Files (x86)\Intel\Intel(R) Management Engine Components\DAL
2020-06-07 16:11:38.880+0000 INFO [o.n.k.i.DiagnosticsManager] C:\Program Files\Intel\Intel(R) Management Engine Components\DAL
2020-06-07 16:11:38.880+0000 INFO [o.n.k.i.DiagnosticsManager] C:\Program Files (x86)\NVIDIA Corporation\PhysX\Common
2020-06-07 16:11:38.881+0000 INFO [o.n.k.i.DiagnosticsManager] C:\Program Files\Microsoft VS Code\bin
2020-06-07 16:11:38.881+0000 INFO [o.n.k.i.DiagnosticsManager] C:\Program Files\Git\cmd
2020-06-07 16:11:38.881+0000 INFO [o.n.k.i.DiagnosticsManager] C:\TDM-GCC-64\bin
2020-06-07 16:11:38.881+0000 INFO [o.n.k.i.DiagnosticsManager] C:\Windows\System32
2020-06-07 16:11:38.882+0000 INFO [o.n.k.i.DiagnosticsManager] C:\Windows
2020-06-07 16:11:38.882+0000 INFO [o.n.k.i.DiagnosticsManager] C:\Windows\System32\wbem
2020-06-07 16:11:38.882+0000 INFO [o.n.k.i.DiagnosticsManager] C:\Windows\System32\WindowsPowerShell\v1.0
2020-06-07 16:11:38.883+0000 INFO [o.n.k.i.DiagnosticsManager] C:\Windows\System32\OpenSSH
2020-06-07 16:11:38.883+0000 INFO [o.n.k.i.DiagnosticsManager] C:\Users\David\Anaconda3\python.exe
2020-06-07 16:11:38.883+0000 INFO [o.n.k.i.DiagnosticsManager] C:\Program Files\PuTTY
2020-06-07 16:11:38.884+0000 INFO [o.n.k.i.DiagnosticsManager] C:\Program Files (x86)\Gow\bin
2020-06-07 16:11:38.884+0000 INFO [o.n.k.i.DiagnosticsManager] C:\opt\spark\spark-2.4.4-bin-hadoop2.7\bin
2020-06-07 16:11:38.885+0000 INFO [o.n.k.i.DiagnosticsManager] C:\Program Files\MongoDB\Server\4.2\bin
2020-06-07 16:11:38.886+0000 INFO [o.n.k.i.DiagnosticsManager] C:\Users\David\AppData\Roaming\Microsoft\Windows\Start Menu\Programs\Python 3.7
2020-06-07 16:11:38.887+0000 INFO [o.n.k.i.DiagnosticsManager] C:\Program Files\Intel\WiFi\bin
2020-06-07 16:11:38.887+0000 INFO [o.n.k.i.DiagnosticsManager] C:\Program Files\Common Files\Intel\WirelessCommon
2020-06-07 16:11:38.888+0000 INFO [o.n.k.i.DiagnosticsManager] C:\Users\David\Anaconda3
2020-06-07 16:11:38.888+0000 INFO [o.n.k.i.DiagnosticsManager] D:\spark\spark-3.0.0-preview2-bin-hadoop2.7\bin
2020-06-07 16:11:38.888+0000 INFO [o.n.k.i.DiagnosticsManager] C:\Path_Drive
2020-06-07 16:11:38.889+0000 INFO [o.n.k.i.DiagnosticsManager] C:\Users\David\Anaconda3\Scripts
2020-06-07 16:11:38.889+0000 INFO [o.n.k.i.DiagnosticsManager] C:\Program Files\nodejs
2020-06-07 16:11:38.890+0000 INFO [o.n.k.i.DiagnosticsManager] C:\Users\David\AppData\Local\Microsoft\WindowsApps
2020-06-07 16:11:38.890+0000 INFO [o.n.k.i.DiagnosticsManager] C:\Users\David\AppData\Local\atom\bin
2020-06-07 16:11:38.890+0000 INFO [o.n.k.i.DiagnosticsManager] C:\Users\David\AppData\Local\Microsoft\WindowsApps
2020-06-07 16:11:38.891+0000 INFO [o.n.k.i.DiagnosticsManager] C:\Users\David\Documents\ffmpeg\bin
2020-06-07 16:11:38.891+0000 INFO [o.n.k.i.DiagnosticsManager] C:\Users\David\AppData\Local\Pandoc
2020-06-07 16:11:38.892+0000 INFO [o.n.k.i.DiagnosticsManager] C:\Users\David\AppData\Roaming\npm
2020-06-07 16:11:38.893+0000 INFO [o.n.k.i.DiagnosticsManager] C:\Program Files\Java\jre1.8.0_251\bin
2020-06-07 16:11:38.893+0000 INFO [o.n.k.i.DiagnosticsManager] System.properties:
2020-06-07 16:11:38.893+0000 INFO [o.n.k.i.DiagnosticsManager] exe4j.moduleName = C:\Program Files\Neo4j CE 3.2.5\bin\neo4j-ce.exe
2020-06-07 16:11:38.893+0000 INFO [o.n.k.i.DiagnosticsManager] exe4j.semaphoreName = Local\c:_program_files_neo4j_ce_3.2.5_bin_neo4j-ce.exe
2020-06-07 16:11:38.893+0000 INFO [o.n.k.i.DiagnosticsManager] sun.boot.library.path = c:\program files\java\jre1.8.0_251\bin
2020-06-07 16:11:38.893+0000 INFO [o.n.k.i.DiagnosticsManager] exe4j.consoleCodepage = cp0
2020-06-07 16:11:38.893+0000 INFO [o.n.k.i.DiagnosticsManager] path.separator = ;
2020-06-07 16:11:38.893+0000 INFO [o.n.k.i.DiagnosticsManager] file.encoding.pkg = sun.io
2020-06-07 16:11:38.893+0000 INFO [o.n.k.i.DiagnosticsManager] user.country = ES
2020-06-07 16:11:38.893+0000 INFO [o.n.k.i.DiagnosticsManager] user.script = 
2020-06-07 16:11:38.893+0000 INFO [o.n.k.i.DiagnosticsManager] sun.os.patch.level = 
2020-06-07 16:11:38.893+0000 INFO [o.n.k.i.DiagnosticsManager] install4j.exeDir = C:\Program Files\Neo4j CE 3.2.5\bin\
2020-06-07 16:11:38.893+0000 INFO [o.n.k.i.DiagnosticsManager] user.dir = C:\Program Files\Neo4j CE 3.2.5\bin
2020-06-07 16:11:38.893+0000 INFO [o.n.k.i.DiagnosticsManager] user.variant = 
2020-06-07 16:11:38.893+0000 INFO [o.n.k.i.DiagnosticsManager] exe4j.tempDir = 
2020-06-07 16:11:38.893+0000 INFO [o.n.k.i.DiagnosticsManager] sun.jnu.encoding = Cp1252
2020-06-07 16:11:38.893+0000 INFO [o.n.k.i.DiagnosticsManager] unsupported.dbms.udc.source = desktop
2020-06-07 16:11:38.893+0000 INFO [o.n.k.i.DiagnosticsManager] sun.awt.enableExtraMouseButtons = true
2020-06-07 16:11:38.893+0000 INFO [o.n.k.i.DiagnosticsManager] install4j.launcherId = 24
2020-06-07 16:11:38.893+0000 INFO [o.n.k.i.DiagnosticsManager] sun.management.compiler = HotSpot 64-Bit Tiered Compilers
2020-06-07 16:11:38.893+0000 INFO [o.n.k.i.DiagnosticsManager] exe4j.isInstall4j = true
2020-06-07 16:11:38.893+0000 INFO [o.n.k.i.DiagnosticsManager] install4j.swt = false
2020-06-07 16:11:38.893+0000 INFO [o.n.k.i.DiagnosticsManager] user.home = C:\Users\David
2020-06-07 16:11:38.893+0000 INFO [o.n.k.i.DiagnosticsManager] user.timezone = Europe/Paris
2020-06-07 16:11:38.893+0000 INFO [o.n.k.i.DiagnosticsManager] file.encoding = Cp1252
2020-06-07 16:11:38.893+0000 INFO [o.n.k.i.DiagnosticsManager] user.name = David
2020-06-07 16:11:38.893+0000 INFO [o.n.k.i.DiagnosticsManager] sun.java.command = C:\Program Files\Neo4j CE 3.2.5\bin\neo4j-ce.exe
2020-06-07 16:11:38.893+0000 INFO [o.n.k.i.DiagnosticsManager] sun.arch.data.model = 64
2020-06-07 16:11:38.893+0000 INFO [o.n.k.i.DiagnosticsManager] exe4j.launchName = C:\Program Files\Neo4j CE 3.2.5\bin\neo4j-ce.exe
2020-06-07 16:11:38.893+0000 INFO [o.n.k.i.DiagnosticsManager] user.language = es
2020-06-07 16:11:38.893+0000 INFO [o.n.k.i.DiagnosticsManager] awt.toolkit = sun.awt.windows.WToolkit
2020-06-07 16:11:38.893+0000 INFO [o.n.k.i.DiagnosticsManager] exe4j.unextractedPosition = 0
2020-06-07 16:11:38.893+0000 INFO [o.n.k.i.DiagnosticsManager] install4j.appDir = C:\Program Files\Neo4j CE 3.2.5\
2020-06-07 16:11:38.893+0000 INFO [o.n.k.i.DiagnosticsManager] file.separator = \
2020-06-07 16:11:38.893+0000 INFO [o.n.k.i.DiagnosticsManager] sun.io.unicode.encoding = UnicodeLittle
2020-06-07 16:11:38.893+0000 INFO [o.n.k.i.DiagnosticsManager] sun.cpu.endian = little
2020-06-07 16:11:38.893+0000 INFO [o.n.k.i.DiagnosticsManager] sun.desktop = windows
2020-06-07 16:11:38.893+0000 INFO [o.n.k.i.DiagnosticsManager] sun.cpu.isalist = amd64
2020-06-07 16:11:38.893+0000 INFO [o.n.k.i.DiagnosticsManager] Network information:
2020-06-07 16:11:39.139+0000 INFO [o.n.k.i.DiagnosticsManager] Interface Software Loopback Interface 1:
2020-06-07 16:11:39.140+0000 INFO [o.n.k.i.DiagnosticsManager]     address: 127.0.0.1
2020-06-07 16:11:39.140+0000 INFO [o.n.k.i.DiagnosticsManager]     address: 0:0:0:0:0:0:0:1
2020-06-07 16:11:39.140+0000 INFO [o.n.k.i.DiagnosticsManager] Interface WAN Miniport (L2TP):
2020-06-07 16:11:39.140+0000 INFO [o.n.k.i.DiagnosticsManager] Interface VirtualBox Host-Only Ethernet Adapter:
2020-06-07 16:11:39.140+0000 INFO [o.n.k.i.DiagnosticsManager]     address: 192.168.56.1
2020-06-07 16:11:39.140+0000 INFO [o.n.k.i.DiagnosticsManager]     address: fe80:0:0:0:984a:fb4e:e745:b04e%eth0
2020-06-07 16:11:39.140+0000 INFO [o.n.k.i.DiagnosticsManager] Interface Microsoft 6to4 Adapter:
2020-06-07 16:11:39.140+0000 INFO [o.n.k.i.DiagnosticsManager] Interface Intel(R) Ethernet Connection (7) I219-LM:
2020-06-07 16:11:39.140+0000 INFO [o.n.k.i.DiagnosticsManager]     address: 192.168.1.43
2020-06-07 16:11:39.140+0000 INFO [o.n.k.i.DiagnosticsManager]     address: fe80:0:0:0:d0f:8103:f179:18ff%eth1
2020-06-07 16:11:39.140+0000 INFO [o.n.k.i.DiagnosticsManager] Interface WAN Miniport (IP):
2020-06-07 16:11:39.140+0000 INFO [o.n.k.i.DiagnosticsManager] Interface Bluetooth Device (Personal Area Network):
2020-06-07 16:11:39.140+0000 INFO [o.n.k.i.DiagnosticsManager]     address: fe80:0:0:0:7505:46d6:a94c:9fad%eth3
2020-06-07 16:11:39.140+0000 INFO [o.n.k.i.DiagnosticsManager] Interface WAN Miniport (Network Monitor):
2020-06-07 16:11:39.140+0000 INFO [o.n.k.i.DiagnosticsManager] Interface Microsoft IP-HTTPS Platform Adapter:
2020-06-07 16:11:39.140+0000 INFO [o.n.k.i.DiagnosticsManager] Interface Remote NDIS based Internet Sharing Device:
2020-06-07 16:11:39.140+0000 INFO [o.n.k.i.DiagnosticsManager] Interface Microsoft Wi-Fi Direct Virtual Adapter:
2020-06-07 16:11:39.140+0000 INFO [o.n.k.i.DiagnosticsManager]     address: fe80:0:0:0:189c:a876:a670:31c8%wlan0
2020-06-07 16:11:39.140+0000 INFO [o.n.k.i.DiagnosticsManager] Interface Microsoft Kernel Debug Network Adapter:
2020-06-07 16:11:39.140+0000 INFO [o.n.k.i.DiagnosticsManager] Interface RAS Async Adapter:
2020-06-07 16:11:39.140+0000 INFO [o.n.k.i.DiagnosticsManager] Interface Microsoft Teredo Tunneling Adapter:
2020-06-07 16:11:39.140+0000 INFO [o.n.k.i.DiagnosticsManager] Interface WAN Miniport (IKEv2):
2020-06-07 16:11:39.140+0000 INFO [o.n.k.i.DiagnosticsManager] Interface WAN Miniport (PPTP):
2020-06-07 16:11:39.140+0000 INFO [o.n.k.i.DiagnosticsManager] Interface WAN Miniport (IPv6):
2020-06-07 16:11:39.140+0000 INFO [o.n.k.i.DiagnosticsManager] Interface Microsoft Wi-Fi Direct Virtual Adapter #2:
2020-06-07 16:11:39.140+0000 INFO [o.n.k.i.DiagnosticsManager]     address: fe80:0:0:0:7c31:81d:2bfe:c968%wlan1
2020-06-07 16:11:39.140+0000 INFO [o.n.k.i.DiagnosticsManager] Interface Intel(R) Wireless-AC 9560 160MHz:
2020-06-07 16:11:39.140+0000 INFO [o.n.k.i.DiagnosticsManager]     address: fe80:0:0:0:c055:37e7:1a80:5acc%wlan2
2020-06-07 16:11:39.140+0000 INFO [o.n.k.i.DiagnosticsManager] Interface WAN Miniport (PPPOE):
2020-06-07 16:11:39.140+0000 INFO [o.n.k.i.DiagnosticsManager] Interface WAN Miniport (SSTP):
2020-06-07 16:11:39.140+0000 INFO [o.n.k.i.DiagnosticsManager] Interface VirtualBox Host-Only Ethernet Adapter-WFP Native MAC Layer LightWeight Filter-0000:
2020-06-07 16:11:39.140+0000 INFO [o.n.k.i.DiagnosticsManager] Interface Intel(R) Ethernet Connection (7) I219-LM-WFP Native MAC Layer LightWeight Filter-0000:
2020-06-07 16:11:39.140+0000 INFO [o.n.k.i.DiagnosticsManager] Interface Intel(R) Ethernet Connection (7) I219-LM-VirtualBox NDIS Light-Weight Filter-0000:
2020-06-07 16:11:39.140+0000 INFO [o.n.k.i.DiagnosticsManager] Interface Intel(R) Ethernet Connection (7) I219-LM-QoS Packet Scheduler-0000:
2020-06-07 16:11:39.141+0000 INFO [o.n.k.i.DiagnosticsManager] Interface Intel(R) Ethernet Connection (7) I219-LM-WFP 802.3 MAC Layer LightWeight Filter-0000:
2020-06-07 16:11:39.141+0000 INFO [o.n.k.i.DiagnosticsManager] Interface VirtualBox Host-Only Ethernet Adapter-QoS Packet Scheduler-0000:
2020-06-07 16:11:39.141+0000 INFO [o.n.k.i.DiagnosticsManager] Interface VirtualBox Host-Only Ethernet Adapter-WFP 802.3 MAC Layer LightWeight Filter-0000:
2020-06-07 16:11:39.141+0000 INFO [o.n.k.i.DiagnosticsManager] Interface Intel(R) Wireless-AC 9560 160MHz-WFP Native MAC Layer LightWeight Filter-0000:
2020-06-07 16:11:39.141+0000 INFO [o.n.k.i.DiagnosticsManager] Interface Intel(R) Wireless-AC 9560 160MHz-Virtual WiFi Filter Driver-0000:
2020-06-07 16:11:39.141+0000 INFO [o.n.k.i.DiagnosticsManager] Interface Intel(R) Wireless-AC 9560 160MHz-Native WiFi Filter Driver-0000:
2020-06-07 16:11:39.141+0000 INFO [o.n.k.i.DiagnosticsManager] Interface Intel(R) Wireless-AC 9560 160MHz-VirtualBox NDIS Light-Weight Filter-0000:
2020-06-07 16:11:39.141+0000 INFO [o.n.k.i.DiagnosticsManager] Interface Intel(R) Wireless-AC 9560 160MHz-QoS Packet Scheduler-0000:
2020-06-07 16:11:39.141+0000 INFO [o.n.k.i.DiagnosticsManager] Interface Intel(R) Wireless-AC 9560 160MHz-WFP 802.3 MAC Layer LightWeight Filter-0000:
2020-06-07 16:11:39.141+0000 INFO [o.n.k.i.DiagnosticsManager] Interface Microsoft Wi-Fi Direct Virtual Adapter-WFP Native MAC Layer LightWeight Filter-0000:
2020-06-07 16:11:39.141+0000 INFO [o.n.k.i.DiagnosticsManager] Interface Microsoft Wi-Fi Direct Virtual Adapter-Native WiFi Filter Driver-0000:
2020-06-07 16:11:39.141+0000 INFO [o.n.k.i.DiagnosticsManager] Interface Microsoft Wi-Fi Direct Virtual Adapter-VirtualBox NDIS Light-Weight Filter-0000:
2020-06-07 16:11:39.141+0000 INFO [o.n.k.i.DiagnosticsManager] Interface Microsoft Wi-Fi Direct Virtual Adapter-QoS Packet Scheduler-0000:
2020-06-07 16:11:39.141+0000 INFO [o.n.k.i.DiagnosticsManager] Interface Microsoft Wi-Fi Direct Virtual Adapter-WFP 802.3 MAC Layer LightWeight Filter-0000:
2020-06-07 16:11:39.141+0000 INFO [o.n.k.i.DiagnosticsManager] Interface WAN Miniport (IP)-WFP Native MAC Layer LightWeight Filter-0000:
2020-06-07 16:11:39.141+0000 INFO [o.n.k.i.DiagnosticsManager] Interface WAN Miniport (IP)-QoS Packet Scheduler-0000:
2020-06-07 16:11:39.141+0000 INFO [o.n.k.i.DiagnosticsManager] Interface WAN Miniport (IPv6)-WFP Native MAC Layer LightWeight Filter-0000:
2020-06-07 16:11:39.141+0000 INFO [o.n.k.i.DiagnosticsManager] Interface WAN Miniport (IPv6)-QoS Packet Scheduler-0000:
2020-06-07 16:11:39.141+0000 INFO [o.n.k.i.DiagnosticsManager] Interface WAN Miniport (Network Monitor)-WFP Native MAC Layer LightWeight Filter-0000:
2020-06-07 16:11:39.141+0000 INFO [o.n.k.i.DiagnosticsManager] Interface WAN Miniport (Network Monitor)-QoS Packet Scheduler-0000:
2020-06-07 16:11:39.141+0000 INFO [o.n.k.i.DiagnosticsManager] Interface Microsoft Wi-Fi Direct Virtual Adapter #2-WFP Native MAC Layer LightWeight Filter-0000:
2020-06-07 16:11:39.141+0000 INFO [o.n.k.i.DiagnosticsManager] Interface Microsoft Wi-Fi Direct Virtual Adapter #2-Native WiFi Filter Driver-0000:
2020-06-07 16:11:39.141+0000 INFO [o.n.k.i.DiagnosticsManager] Interface Microsoft Wi-Fi Direct Virtual Adapter #2-VirtualBox NDIS Light-Weight Filter-0000:
2020-06-07 16:11:39.141+0000 INFO [o.n.k.i.DiagnosticsManager] Interface Microsoft Wi-Fi Direct Virtual Adapter #2-QoS Packet Scheduler-0000:
2020-06-07 16:11:39.141+0000 INFO [o.n.k.i.DiagnosticsManager] Interface Microsoft Wi-Fi Direct Virtual Adapter #2-WFP 802.3 MAC Layer LightWeight Filter-0000:
2020-06-07 16:11:39.141+0000 INFO [o.n.k.i.DiagnosticsManager] --- INITIALIZED diagnostics END ---
2020-06-07 16:11:39.734+0000 INFO [o.n.b.v.r.WorkerFactory] Bolt Server extension loaded.
2020-06-07 16:11:39.735+0000 INFO [o.n.b.v.r.WorkerFactory] Bolt enabled on 127.0.0.1:7687.
2020-06-07 16:11:39.808+0000 INFO [o.n.k.i.s.f.RecordFormatSelector] Selected format 'RecordFormat:StandardV3_2[v0.A.8]' for the new store
2020-06-07 16:11:41.809+0000 INFO [o.n.k.i.a.i.IndexingService] IndexingService.init: indexes not specifically mentioned above are null
2020-06-07 16:11:41.810+0000 INFO [o.n.k.i.i.l.NativeLabelScanStore] No scan store found, this might just be first use. Preparing to rebuild.
2020-06-07 16:11:41.905+0000 INFO [o.n.k.NeoStoreDataSource] Opened logical log [D:\Google Drive\16. Master BigData\5 - Modulos\Modulo 10 - TFM\2. TFM\Codigos\Neo4j\neostore.transaction.db.0] version=0, lastTxId=1 (clean)
2020-06-07 16:11:41.908+0000 INFO [o.n.k.NeoStoreDataSource] No commits found after last check point (which is at <no log position given>)
2020-06-07 16:11:41.913+0000 WARN [o.n.k.i.s.MetaDataStore] Missing counts store, rebuilding it.
2020-06-07 16:11:41.994+0000 WARN [o.n.k.i.s.MetaDataStore] Counts store rebuild completed.
2020-06-07 16:11:42.005+0000 INFO [o.n.k.i.a.i.IndexingService] IndexingService.start: indexes not specifically mentioned above are null
2020-06-07 16:11:42.006+0000 INFO [o.n.k.i.i.l.NativeLabelScanStore] Rebuilding scan store, this may take a while
2020-06-07 16:11:42.068+0000 INFO [o.n.k.i.i.l.NativeLabelScanStore] Scan store rebuilt (roughly 0 nodes)
2020-06-07 16:11:42.070+0000 INFO [o.n.k.i.DatabaseHealth] Database health set to OK
2020-06-07 16:11:43.304+0000 INFO [o.n.k.AvailabilityGuard] Fulfilling of requirement makes database available: Database available
2020-06-07 16:11:43.304+0000 INFO [o.n.k.i.f.GraphDatabaseFacadeFactory] Database is now ready
2020-06-07 16:11:43.305+0000 INFO [o.n.k.i.DiagnosticsManager] --- STARTED diagnostics for KernelDiagnostics:Versions START ---
2020-06-07 16:11:43.305+0000 INFO [o.n.k.i.DiagnosticsManager] Graph Database: community single StoreId{creationTime=1591546301610, randomId=-1822226830510081661, storeVersion=15813456178476550, upgradeTime=1591546301610, upgradeId=1}
2020-06-07 16:11:43.305+0000 INFO [o.n.k.i.DiagnosticsManager] Kernel version: 3.2.5
2020-06-07 16:11:43.306+0000 INFO [o.n.k.i.DiagnosticsManager] --- STARTED diagnostics for KernelDiagnostics:Versions END ---
2020-06-07 16:11:43.307+0000 INFO [o.n.k.i.DiagnosticsManager] --- STARTED diagnostics for NEO_STORE_VERSIONS START ---
2020-06-07 16:11:43.307+0000 INFO [o.n.k.i.DiagnosticsManager] Store versions:
2020-06-07 16:11:43.307+0000 INFO [o.n.k.i.DiagnosticsManager] Store versions:
2020-06-07 16:11:43.307+0000 INFO [o.n.k.i.DiagnosticsManager]   ArrayPropertyStore v0.A.8
2020-06-07 16:11:43.307+0000 INFO [o.n.k.i.DiagnosticsManager]   NodeStore v0.A.8
2020-06-07 16:11:43.308+0000 INFO [o.n.k.i.DiagnosticsManager]   StringPropertyStore v0.A.8
2020-06-07 16:11:43.308+0000 INFO [o.n.k.i.DiagnosticsManager]   PropertyIndexStore v0.A.8
2020-06-07 16:11:43.308+0000 INFO [o.n.k.i.DiagnosticsManager]   StringPropertyStore v0.A.8
2020-06-07 16:11:43.308+0000 INFO [o.n.k.i.DiagnosticsManager]   ArrayPropertyStore v0.A.8
2020-06-07 16:11:43.308+0000 INFO [o.n.k.i.DiagnosticsManager]   PropertyStore v0.A.8
2020-06-07 16:11:43.308+0000 INFO [o.n.k.i.DiagnosticsManager]   RelationshipStore v0.A.8
2020-06-07 16:11:43.308+0000 INFO [o.n.k.i.DiagnosticsManager]   StringPropertyStore v0.A.8
2020-06-07 16:11:43.308+0000 INFO [o.n.k.i.DiagnosticsManager]   RelationshipTypeStore v0.A.8
2020-06-07 16:11:43.308+0000 INFO [o.n.k.i.DiagnosticsManager]   StringPropertyStore v0.A.8
2020-06-07 16:11:43.308+0000 INFO [o.n.k.i.DiagnosticsManager]   LabelTokenStore v0.A.8
2020-06-07 16:11:43.308+0000 INFO [o.n.k.i.DiagnosticsManager]   SchemaStore v0.A.8
2020-06-07 16:11:43.309+0000 INFO [o.n.k.i.DiagnosticsManager]   RelationshipGroupStore v0.A.8
2020-06-07 16:11:43.309+0000 INFO [o.n.k.i.DiagnosticsManager]   NeoStore v0.A.8
2020-06-07 16:11:43.309+0000 INFO [o.n.k.i.DiagnosticsManager] --- STARTED diagnostics for NEO_STORE_VERSIONS END ---
2020-06-07 16:11:43.309+0000 INFO [o.n.k.i.DiagnosticsManager] --- STARTED diagnostics for NEO_STORE_ID_USAGE START ---
2020-06-07 16:11:43.309+0000 INFO [o.n.k.i.DiagnosticsManager] Id usage:
2020-06-07 16:11:43.309+0000 INFO [o.n.k.i.DiagnosticsManager] Id usage:
2020-06-07 16:11:43.309+0000 INFO [o.n.k.i.DiagnosticsManager]   ArrayPropertyStore: used=1 high=0
2020-06-07 16:11:43.309+0000 INFO [o.n.k.i.DiagnosticsManager]   NodeStore: used=0 high=-1
2020-06-07 16:11:43.309+0000 INFO [o.n.k.i.DiagnosticsManager]   StringPropertyStore: used=1 high=0
2020-06-07 16:11:43.310+0000 INFO [o.n.k.i.DiagnosticsManager]   PropertyIndexStore: used=0 high=-1
2020-06-07 16:11:43.310+0000 INFO [o.n.k.i.DiagnosticsManager]   StringPropertyStore: used=1 high=0
2020-06-07 16:11:43.310+0000 INFO [o.n.k.i.DiagnosticsManager]   ArrayPropertyStore: used=1 high=0
2020-06-07 16:11:43.310+0000 INFO [o.n.k.i.DiagnosticsManager]   PropertyStore: used=0 high=-1
2020-06-07 16:11:43.310+0000 INFO [o.n.k.i.DiagnosticsManager]   RelationshipStore: used=0 high=-1
2020-06-07 16:11:43.310+0000 INFO [o.n.k.i.DiagnosticsManager]   StringPropertyStore: used=1 high=0
2020-06-07 16:11:43.310+0000 INFO [o.n.k.i.DiagnosticsManager]   RelationshipTypeStore: used=0 high=-1
2020-06-07 16:11:43.310+0000 INFO [o.n.k.i.DiagnosticsManager]   StringPropertyStore: used=1 high=0
2020-06-07 16:11:43.310+0000 INFO [o.n.k.i.DiagnosticsManager]   LabelTokenStore: used=0 high=-1
2020-06-07 16:11:43.310+0000 INFO [o.n.k.i.DiagnosticsManager]   SchemaStore: used=1 high=0
2020-06-07 16:11:43.310+0000 INFO [o.n.k.i.DiagnosticsManager]   RelationshipGroupStore: used=1 high=0
2020-06-07 16:11:43.311+0000 INFO [o.n.k.i.DiagnosticsManager]   NeoStore: used=0 high=-1
2020-06-07 16:11:43.311+0000 INFO [o.n.k.i.DiagnosticsManager] --- STARTED diagnostics for NEO_STORE_ID_USAGE END ---
2020-06-07 16:11:43.311+0000 INFO [o.n.k.i.DiagnosticsManager] --- STARTED diagnostics for NEO_STORE_RECORDS START ---
2020-06-07 16:11:43.311+0000 INFO [o.n.k.i.DiagnosticsManager] Neostore records:
2020-06-07 16:11:43.311+0000 INFO [o.n.k.i.DiagnosticsManager] TIME (Creation time): 1591546301610
2020-06-07 16:11:43.312+0000 INFO [o.n.k.i.DiagnosticsManager] RANDOM_NUMBER (Random number for store id): -1822226830510081661
2020-06-07 16:11:43.312+0000 INFO [o.n.k.i.DiagnosticsManager] LOG_VERSION (Current log version): 0
2020-06-07 16:11:43.312+0000 INFO [o.n.k.i.DiagnosticsManager] LAST_TRANSACTION_ID (Last committed transaction): 1
2020-06-07 16:11:43.312+0000 INFO [o.n.k.i.DiagnosticsManager] STORE_VERSION (Store format version): 15813456178476550
2020-06-07 16:11:43.312+0000 INFO [o.n.k.i.DiagnosticsManager] FIRST_GRAPH_PROPERTY (First property record containing graph properties): -1
2020-06-07 16:11:43.312+0000 INFO [o.n.k.i.DiagnosticsManager] LAST_CONSTRAINT_TRANSACTION (Last committed transaction containing constraint changes): 0
2020-06-07 16:11:43.312+0000 INFO [o.n.k.i.DiagnosticsManager] UPGRADE_TRANSACTION_ID (Transaction id most recent upgrade was performed at): 1
2020-06-07 16:11:43.312+0000 INFO [o.n.k.i.DiagnosticsManager] UPGRADE_TIME (Time of last upgrade): 1591546301610
2020-06-07 16:11:43.312+0000 INFO [o.n.k.i.DiagnosticsManager] LAST_TRANSACTION_CHECKSUM (Checksum of last committed transaction): 0
2020-06-07 16:11:43.312+0000 INFO [o.n.k.i.DiagnosticsManager] UPGRADE_TRANSACTION_CHECKSUM (Checksum of transaction id the most recent upgrade was performed at): 0
2020-06-07 16:11:43.312+0000 INFO [o.n.k.i.DiagnosticsManager] LAST_CLOSED_TRANSACTION_LOG_VERSION (Log version where the last transaction commit entry has been written into): 0
2020-06-07 16:11:43.313+0000 INFO [o.n.k.i.DiagnosticsManager] LAST_CLOSED_TRANSACTION_LOG_BYTE_OFFSET (Byte offset in the log file where the last transaction commit entry has been written into): 16
2020-06-07 16:11:43.313+0000 INFO [o.n.k.i.DiagnosticsManager] LAST_TRANSACTION_COMMIT_TIMESTAMP (Commit time timestamp for last committed transaction): 0
2020-06-07 16:11:43.313+0000 INFO [o.n.k.i.DiagnosticsManager] UPGRADE_TRANSACTION_COMMIT_TIMESTAMP (Commit timestamp of transaction the most recent upgrade was performed at): 0
2020-06-07 16:11:43.313+0000 INFO [o.n.k.i.DiagnosticsManager] --- STARTED diagnostics for NEO_STORE_RECORDS END ---
2020-06-07 16:11:43.314+0000 INFO [o.n.k.i.DiagnosticsManager] --- STARTED diagnostics for TRANSACTION_RANGE START ---
2020-06-07 16:11:43.314+0000 INFO [o.n.k.i.DiagnosticsManager] Transaction log:
2020-06-07 16:11:43.315+0000 INFO [o.n.k.i.DiagnosticsManager] No transactions found in any log
2020-06-07 16:11:43.315+0000 INFO [o.n.k.i.DiagnosticsManager] --- STARTED diagnostics for TRANSACTION_RANGE END ---
2020-06-07 16:11:43.315+0000 INFO [o.n.k.i.DiagnosticsManager] --- STARTED diagnostics for KernelDiagnostics:StoreFiles START ---
2020-06-07 16:11:43.317+0000 INFO [o.n.k.i.DiagnosticsManager] Disk space on partition (Total / Free / Free %): 1000068870144 / 927268229120 / 92
Storage files: (filename : modification date - size)
2020-06-07 16:11:43.317+0000 INFO [o.n.k.i.DiagnosticsManager]   certificates:
2020-06-07 16:11:43.318+0000 INFO [o.n.k.i.DiagnosticsManager]     neo4j.cert: 2020-06-07T18:11:39+0200 - 1002,00 B
2020-06-07 16:11:43.318+0000 INFO [o.n.k.i.DiagnosticsManager]     neo4j.key: 2020-06-07T18:11:39+0200 - 1,69 kB
2020-06-07 16:11:43.318+0000 INFO [o.n.k.i.DiagnosticsManager]   - Total: 2020-06-07T18:11:39+0200 - 2,67 kB
2020-06-07 16:11:43.318+0000 INFO [o.n.k.i.DiagnosticsManager]   data:
2020-06-07 16:11:43.319+0000 INFO [o.n.k.i.DiagnosticsManager]     dbms:
2020-06-07 16:11:43.319+0000 INFO [o.n.k.i.DiagnosticsManager]       auth: 2020-06-07T18:11:43+0200 - 137,00 B
2020-06-07 16:11:43.319+0000 INFO [o.n.k.i.DiagnosticsManager]     - Total: 2020-06-07T18:11:43+0200 - 137,00 B
2020-06-07 16:11:43.319+0000 INFO [o.n.k.i.DiagnosticsManager]   - Total: 2020-06-07T18:11:43+0200 - 137,00 B
2020-06-07 16:11:43.319+0000 INFO [o.n.k.i.DiagnosticsManager]   index:
2020-06-07 16:11:43.320+0000 INFO [o.n.k.i.DiagnosticsManager]   - Total: 2020-06-07T18:11:41+0200 - 0,00 B
2020-06-07 16:11:43.320+0000 INFO [o.n.k.i.DiagnosticsManager]   logs:
2020-06-07 16:11:43.320+0000 INFO [o.n.k.i.DiagnosticsManager]     debug.log: 2020-06-07T18:11:43+0200 - 36,36 kB
2020-06-07 16:11:43.320+0000 INFO [o.n.k.i.DiagnosticsManager]   - Total: 2020-06-07T18:11:37+0200 - 36,36 kB
2020-06-07 16:11:43.320+0000 INFO [o.n.k.i.DiagnosticsManager]   neostore: 2020-06-07T18:11:41+0200 - 8,00 kB
2020-06-07 16:11:43.321+0000 INFO [o.n.k.i.DiagnosticsManager]   neostore.counts.db.a: 2020-06-07T18:11:42+0200 - 96,00 B
2020-06-07 16:11:43.321+0000 INFO [o.n.k.i.DiagnosticsManager]   neostore.id: 2020-06-07T18:11:41+0200 - 9,00 B
2020-06-07 16:11:43.321+0000 INFO [o.n.k.i.DiagnosticsManager]   neostore.labelscanstore.db: 2020-06-07T18:11:42+0200 - 40,00 kB
2020-06-07 16:11:43.321+0000 INFO [o.n.k.i.DiagnosticsManager]   neostore.labeltokenstore.db: 2020-06-07T18:11:41+0200 - 0,00 B
2020-06-07 16:11:43.321+0000 INFO [o.n.k.i.DiagnosticsManager]   neostore.labeltokenstore.db.id: 2020-06-07T18:11:41+0200 - 9,00 B
2020-06-07 16:11:43.321+0000 INFO [o.n.k.i.DiagnosticsManager]   neostore.labeltokenstore.db.names: 2020-06-07T18:11:41+0200 - 8,00 kB
2020-06-07 16:11:43.322+0000 INFO [o.n.k.i.DiagnosticsManager]   neostore.labeltokenstore.db.names.id: 2020-06-07T18:11:41+0200 - 9,00 B
2020-06-07 16:11:43.322+0000 INFO [o.n.k.i.DiagnosticsManager]   neostore.nodestore.db: 2020-06-07T18:11:39+0200 - 0,00 B
2020-06-07 16:11:43.322+0000 INFO [o.n.k.i.DiagnosticsManager]   neostore.nodestore.db.id: 2020-06-07T18:11:40+0200 - 9,00 B
2020-06-07 16:11:43.322+0000 INFO [o.n.k.i.DiagnosticsManager]   neostore.nodestore.db.labels: 2020-06-07T18:11:39+0200 - 8,00 kB
2020-06-07 16:11:43.322+0000 INFO [o.n.k.i.DiagnosticsManager]   neostore.nodestore.db.labels.id: 2020-06-07T18:11:39+0200 - 9,00 B
2020-06-07 16:11:43.322+0000 INFO [o.n.k.i.DiagnosticsManager]   neostore.propertystore.db: 2020-06-07T18:11:40+0200 - 0,00 B
2020-06-07 16:11:43.323+0000 INFO [o.n.k.i.DiagnosticsManager]   neostore.propertystore.db.arrays: 2020-06-07T18:11:40+0200 - 8,00 kB
2020-06-07 16:11:43.323+0000 INFO [o.n.k.i.DiagnosticsManager]   neostore.propertystore.db.arrays.id: 2020-06-07T18:11:40+0200 - 9,00 B
2020-06-07 16:11:43.323+0000 INFO [o.n.k.i.DiagnosticsManager]   neostore.propertystore.db.id: 2020-06-07T18:11:40+0200 - 9,00 B
2020-06-07 16:11:43.324+0000 INFO [o.n.k.i.DiagnosticsManager]   neostore.propertystore.db.index: 2020-06-07T18:11:40+0200 - 0,00 B
2020-06-07 16:11:43.324+0000 INFO [o.n.k.i.DiagnosticsManager]   neostore.propertystore.db.index.id: 2020-06-07T18:11:40+0200 - 9,00 B
2020-06-07 16:11:43.324+0000 INFO [o.n.k.i.DiagnosticsManager]   neostore.propertystore.db.index.keys: 2020-06-07T18:11:40+0200 - 8,00 kB
2020-06-07 16:11:43.324+0000 INFO [o.n.k.i.DiagnosticsManager]   neostore.propertystore.db.index.keys.id: 2020-06-07T18:11:40+0200 - 9,00 B
2020-06-07 16:11:43.324+0000 INFO [o.n.k.i.DiagnosticsManager]   neostore.propertystore.db.strings: 2020-06-07T18:11:40+0200 - 8,00 kB
2020-06-07 16:11:43.325+0000 INFO [o.n.k.i.DiagnosticsManager]   neostore.propertystore.db.strings.id: 2020-06-07T18:11:40+0200 - 9,00 B
2020-06-07 16:11:43.325+0000 INFO [o.n.k.i.DiagnosticsManager]   neostore.relationshipgroupstore.db: 2020-06-07T18:11:41+0200 - 8,00 kB
2020-06-07 16:11:43.325+0000 INFO [o.n.k.i.DiagnosticsManager]   neostore.relationshipgroupstore.db.id: 2020-06-07T18:11:41+0200 - 9,00 B
2020-06-07 16:11:43.325+0000 INFO [o.n.k.i.DiagnosticsManager]   neostore.relationshipstore.db: 2020-06-07T18:11:40+0200 - 0,00 B
2020-06-07 16:11:43.325+0000 INFO [o.n.k.i.DiagnosticsManager]   neostore.relationshipstore.db.id: 2020-06-07T18:11:40+0200 - 9,00 B
2020-06-07 16:11:43.325+0000 INFO [o.n.k.i.DiagnosticsManager]   neostore.relationshiptypestore.db: 2020-06-07T18:11:40+0200 - 0,00 B
2020-06-07 16:11:43.326+0000 INFO [o.n.k.i.DiagnosticsManager]   neostore.relationshiptypestore.db.id: 2020-06-07T18:11:41+0200 - 9,00 B
2020-06-07 16:11:43.326+0000 INFO [o.n.k.i.DiagnosticsManager]   neostore.relationshiptypestore.db.names: 2020-06-07T18:11:40+0200 - 8,00 kB
2020-06-07 16:11:43.326+0000 INFO [o.n.k.i.DiagnosticsManager]   neostore.relationshiptypestore.db.names.id: 2020-06-07T18:11:40+0200 - 9,00 B
2020-06-07 16:11:43.326+0000 INFO [o.n.k.i.DiagnosticsManager]   neostore.schemastore.db: 2020-06-07T18:11:41+0200 - 8,00 kB
2020-06-07 16:11:43.326+0000 INFO [o.n.k.i.DiagnosticsManager]   neostore.schemastore.db.id: 2020-06-07T18:11:41+0200 - 9,00 B
2020-06-07 16:11:43.326+0000 INFO [o.n.k.i.DiagnosticsManager]   neostore.transaction.db.0: 2020-06-07T18:11:41+0200 - 16,00 B
2020-06-07 16:11:43.327+0000 INFO [o.n.k.i.DiagnosticsManager]   store_lock: 2020-06-07T18:11:39+0200 - 0,00 B
2020-06-07 16:11:43.327+0000 INFO [o.n.k.i.DiagnosticsManager] --- STARTED diagnostics for KernelDiagnostics:StoreFiles END ---
2020-06-07 16:11:44.598+0000 INFO [o.n.k.i.DiagnosticsManager] --- SERVER STARTED START ---
2020-06-07 16:11:45.627+0000 WARN [o.n.k.i.c.MonitorGc] GC Monitor: Application threads blocked for 718ms.
2020-06-07 16:11:46.416+0000 INFO [o.n.k.i.DiagnosticsManager] --- SERVER STARTED END ---
2020-06-08 06:40:49.599+0000 WARN [o.n.k.i.c.MonitorGc] GC Monitor: Application threads blocked for 30574021ms.
